<?xml version="1.0" encoding="UTF-8"?>
<!-- Generated by org.testng.reporters.JUnitReportReporter -->
<testsuite hostname="PQA-0591LT" failures="0" tests="1" name="Assertions.HardAssertions" time="0.011" errors="0" timestamp="2023-09-26T23:38:49 EDT" skipped="0">
  <testcase classname="Assertions.HardAssertions" name="LEARN_HARDAssert" time="0.011"/>
  <system-out/>
</testsuite> <!-- Assertions.HardAssertions -->
