<?xml version="1.0" encoding="UTF-8"?>
<!-- Generated by org.testng.reporters.JUnitReportReporter -->
<testsuite hostname="PQA-0591LT" failures="0" tests="1" name="myclasses.WebTesting" time="0.011" errors="0" timestamp="2023-09-26T22:25:47 EDT" skipped="0">
  <testcase classname="myclasses.WebTesting" name="First_WebTest" time="0.011"/>
  <system-out/>
</testsuite> <!-- myclasses.WebTesting -->
