<?xml version="1.0" encoding="UTF-8"?>
<!-- Generated by org.testng.reporters.JUnitReportReporter -->
<testsuite hostname="PQA-0591LT" failures="0" tests="2" name="WebTesting" time="0.014" errors="0" timestamp="2023-09-24T23:39:45 EDT" skipped="0">
  <testcase classname="WebTesting" name="Second_WebTest" time="0.002"/>
  <system-out/>
  <testcase classname="WebTesting" name="First_WebTest" time="0.012"/>
  <system-out/>
</testsuite> <!-- WebTesting -->
