<?xml version="1.0" encoding="UTF-8"?>
<!-- Generated by org.testng.reporters.JUnitReportReporter -->
<testsuite hostname="PQA-0591LT" failures="0" tests="2" name="myclasses.WebTesting" time="0.008" errors="0" timestamp="2023-09-25T23:33:33 EDT" skipped="0">
  <testcase classname="myclasses.WebTesting" name="Second_WebTest" time="0.001"/>
  <system-out/>
  <testcase classname="myclasses.WebTesting" name="First_WebTest" time="0.007"/>
  <system-out/>
</testsuite> <!-- myclasses.WebTesting -->
