<?xml version="1.0" encoding="UTF-8"?>
<!-- Generated by org.testng.reporters.JUnitReportReporter -->
<testsuite hostname="PQA-0591LT" failures="0" tests="1" name="Validations.ValidationTest" time="6.947" errors="0" timestamp="2023-09-27T22:49:28 EDT" skipped="0">
  <testcase classname="Validations.ValidationTest" name="FirstValidationTest" time="6.947"/>
  <system-out/>
</testsuite> <!-- Validations.ValidationTest -->
