<?xml version="1.0" encoding="UTF-8"?>
<!-- Generated by org.testng.reporters.JUnitReportReporter -->
<testsuite hostname="PQA-0591LT" failures="0" tests="1" name="myclasses.MobileTesting" time="0.001" errors="0" timestamp="2023-09-26T22:25:47 EDT" skipped="0">
  <testcase classname="myclasses.MobileTesting" name="SEcond_MobileTest" time="0.001"/>
  <system-out/>
</testsuite> <!-- myclasses.MobileTesting -->
