<?xml version="1.0" encoding="UTF-8"?>
<!-- Generated by org.testng.reporters.JUnitReportReporter -->
<testsuite hostname="PQA-0591LT" failures="0" tests="1" name="WebTesting" time="0.010" errors="0" timestamp="2023-09-25T19:47:09 EDT" skipped="0">
  <testcase classname="WebTesting" name="Second_WebTest" time="0.010"/>
  <system-out/>
</testsuite> <!-- WebTesting -->
